Removed Pin From Net: NetName=GND Pin=J1-1
Removed Pin From Net: NetName=RESET Pin=J1-2
Removed Pin From Net: NetName=TDO Pin=J1-3
Removed Pin From Net: NetName=TCK Pin=J1-5
Removed Pin From Net: NetName=TDI Pin=J1-7
Removed Pin From Net: NetName=TMS Pin=J1-9
Removed Pin From Net: NetName=3V3 Pin=J1-10
Change Component Footprint: Designator=J1 Old Footprint=FP-TMM-105-01-L-D-SM-MFG New Footprint=FP-M50-3600542-MFG
Change Component Comment : Designator=J1 Old Comment=TMM-105-01-L-D-SM New Comment=M50-3600542
Change Managed Component Library Link : Designator=J1 Old VaultGUID=B7D15EC3-160A-466F-A46C-7801FE6295A7 New VaultGUID=B7D15EC3-160A-466F-A46C-7801FE6295A7 Old ItemGUID=EA8BC0A8-4AAD-4CB6-9C96-6EF524C00229 New ItemGUID=EE0B3A24-BFB7-4DA3-AFDA-6D5FAEE8F108 Old RevisionGUID=53AF7922-ECF5-4395-92E3-610302D94DFB New RevisionGUID=1CE8E09C-5C6E-42E8-924E-120919E49B94
Change component parameters: Designator = "J1" ("J1"); Footprint = "FP-TMM-105-01-L-D-SM-MFG"; UniqueID = "\ABOLIBQT" ("\ABOLIBQT")
Change component parameters (AddParameter): Name = "Color"; Value = "Black"; VariantName = "[No Variations]"
Change component parameters (AddParameter): Name = "Contact Material"; Value = "Copper Alloy"; VariantName = "[No Variations]"
Change component parameters (AddParameter): Name = "Contact Mating Length"; Value = "0.118inch"; VariantName = "[No Variations]"
Change component parameters (AddParameter): Name = "Contact Plating"; Value = "Gold"; VariantName = "[No Variations]"
Change component parameters (AddParameter): Name = "Contact Resistance"; Value = "30mR"; VariantName = "[No Variations]"
Change component parameters (AddParameter): Name = "Current Rating"; Value = "1A"; VariantName = "[No Variations]"
Change component parameters (AddParameter): Name = "Depth"; Value = "3.41mm"; VariantName = "[No Variations]"
Change component parameters (AddParameter): Name = "Gender"; Value = "Male"; VariantName = "[No Variations]"
Change component parameters (AddParameter): Name = "Housing Material"; Value = "Thermoplastic"; VariantName = "[No Variations]"
Change component parameters (AddParameter): Name = "Insulation Material"; Value = "Thermoplastic"; VariantName = "[No Variations]"
Change component parameters (AddParameter): Name = "Insulation Resistance"; Value = "5GR"; VariantName = "[No Variations]"
Change component parameters (AddParameter): Name = "Length"; Value = "6.35mm"; VariantName = "[No Variations]"
Change component parameters (AddParameter): Name = "Material"; Value = "Thermoplastic"; VariantName = "[No Variations]"
Change component parameters (AddParameter): Name = "Max Current Rating"; Value = "1A"; VariantName = "[No Variations]"
Change component parameters (AddParameter): Name = "Max Operating Temperature"; Value = "105°C"; VariantName = "[No Variations]"
Change component parameters (AddParameter): Name = "Min Operating Temperature"; Value = "-40°C"; VariantName = "[No Variations]"
Change component parameters (AddParameter): Name = "Mount"; Value = "Surface Mount"; VariantName = "[No Variations]"
Change component parameters (AddParameter): Name = "Number of Contacts"; Value = "10"; VariantName = "[No Variations]"
Change component parameters (AddParameter): Name = "Number of Positions"; Value = "10"; VariantName = "[No Variations]"
Change component parameters (AddParameter): Name = "Number of Rows"; Value = "2"; VariantName = "[No Variations]"
Change component parameters (AddParameter): Name = "Orientation"; Value = "Straight"; VariantName = "[No Variations]"
Change component parameters (AddParameter): Name = "Package Quantity"; Value = "1000"; VariantName = "[No Variations]"
Change component parameters (AddParameter): Name = "Packaging"; Value = "Tray"; VariantName = "[No Variations]"
Change component parameters (AddParameter): Name = "Pitch"; Value = "1.27mm"; VariantName = "[No Variations]"
Change component parameters (AddParameter): Name = "Radiation Hardening"; Value = "No"; VariantName = "[No Variations]"
Change component parameters (AddParameter): Name = "REACH SVHC"; Value = "No SVHC"; VariantName = "[No Variations]"
Change component parameters (AddParameter): Name = "Row Spacing"; Value = "0.05inch"; VariantName = "[No Variations]"
Change component parameters (AddParameter): Name = "Termination"; Value = "Solder"; VariantName = "[No Variations]"
Added Pin To Net: NetName=RESET Pin=J1-1
Added Pin To Net: NetName=TMS Pin=J1-2
Added Pin To Net: NetName=TDI Pin=J1-4
Added Pin To Net: NetName=TCK Pin=J1-6
Added Pin To Net: NetName=TDO Pin=J1-8
Added Pin To Net: NetName=3V3 Pin=J1-9
Added Pin To Net: NetName=GND Pin=J1-10
