Added Component: Designator=C10(SMD-0805-RES)
Add component (AddParameter): Name = "CPAR"; Value = ""; VariantName = "[No Variations]"
Add component (AddParameter): Name = "LSER"; Value = ""; VariantName = "[No Variations]"
Add component (AddParameter): Name = "RLSHUNT"; Value = ""; VariantName = "[No Variations]"
Add component (AddParameter): Name = "RPAR"; Value = ""; VariantName = "[No Variations]"
Add component (AddParameter): Name = "RSER"; Value = ""; VariantName = "[No Variations]"
Add component (AddParameter): Name = "SimulationGenericComponent"; Value = "True"; VariantName = "[No Variations]"
Add component (AddParameter): Name = "TEMP"; Value = ""; VariantName = "[No Variations]"
Add component (AddParameter): Name = "Value"; Value = "10u"; VariantName = "[No Variations]"
Added Component: Designator=L1(SMD-0805-RES)
Add component (AddParameter): Name = "CPAR"; Value = ""; VariantName = "[No Variations]"
Add component (AddParameter): Name = "DTEMP"; Value = ""; VariantName = "[No Variations]"
Add component (AddParameter): Name = "Initial Current"; Value = ""; VariantName = "[No Variations]"
Add component (AddParameter): Name = "M"; Value = ""; VariantName = "[No Variations]"
Add component (AddParameter): Name = "RPAR"; Value = ""; VariantName = "[No Variations]"
Add component (AddParameter): Name = "RSER"; Value = ""; VariantName = "[No Variations]"
Add component (AddParameter): Name = "SimulationGenericComponent"; Value = "True"; VariantName = "[No Variations]"
Add component (AddParameter): Name = "T_REL_LOCAL"; Value = ""; VariantName = "[No Variations]"
Add component (AddParameter): Name = "TC1"; Value = ""; VariantName = "[No Variations]"
Add component (AddParameter): Name = "TC2"; Value = ""; VariantName = "[No Variations]"
Add component (AddParameter): Name = "TEMP"; Value = ""; VariantName = "[No Variations]"
Add component (AddParameter): Name = "Value"; Value = "10u"; VariantName = "[No Variations]"
Added Component: Designator=L2(SMD-0805-RES)
Add component (AddParameter): Name = "CPAR"; Value = ""; VariantName = "[No Variations]"
Add component (AddParameter): Name = "DTEMP"; Value = ""; VariantName = "[No Variations]"
Add component (AddParameter): Name = "Initial Current"; Value = ""; VariantName = "[No Variations]"
Add component (AddParameter): Name = "M"; Value = ""; VariantName = "[No Variations]"
Add component (AddParameter): Name = "RPAR"; Value = ""; VariantName = "[No Variations]"
Add component (AddParameter): Name = "RSER"; Value = ""; VariantName = "[No Variations]"
Add component (AddParameter): Name = "SimulationGenericComponent"; Value = "True"; VariantName = "[No Variations]"
Add component (AddParameter): Name = "T_REL_LOCAL"; Value = ""; VariantName = "[No Variations]"
Add component (AddParameter): Name = "TC1"; Value = ""; VariantName = "[No Variations]"
Add component (AddParameter): Name = "TC2"; Value = ""; VariantName = "[No Variations]"
Add component (AddParameter): Name = "TEMP"; Value = ""; VariantName = "[No Variations]"
Add component (AddParameter): Name = "Value"; Value = "1u"; VariantName = "[No Variations]"
Added Pin To Net: NetName=GND Pin=C10-1
Added Pin To Net: NetName=NetC10_2 Pin=C10-2
Added Pin To Net: NetName=NetC3_2 Pin=L1-1
Added Pin To Net: NetName=3V3 Pin=L1-2
Added Pin To Net: NetName=NetC3_2 Pin=L2-1
Added Pin To Net: NetName=NetC10_2 Pin=L2-2
Added Member To Class: ClassName=quick_schematic Member=Component C10 Capacitor
Added Member To Class: ClassName=quick_schematic Member=Component L1 Inductor
Added Member To Class: ClassName=quick_schematic Member=Component L2 Inductor
